Using pre-set license
Built from '2020.3/china_unity/release' branch; Version is '2020.3.20f1c1 (256576dc9522) revision 2450806'; Using compiler version '192528614'; Build Type 'Release'
OS: 'Windows 10 Home China; OS build 22000.1335; Version 2009; 64bit' Language: 'zh' Physical Memory: 16108 MB
BatchMode: 1, IsHumanControllingUs: 0, StartBugReporterOnCrash: 0, Is64bit: 1, IsPro: 0

COMMAND LINE ARGUMENTS:
C:\Program Files\Unity\Hub\Editor\2020.3.20f1c1\Editor\Unity.exe
-adb2
-batchMode
-noUpm
-name
AssetImportWorker0
-projectPath
C:/Users/glssa/Documents/GitHub/unityFile/My project
-logFile
Logs/AssetImportWorker0.log
-srvPort
55433
Successfully changed project path to: C:/Users/glssa/Documents/GitHub/unityFile/My project
C:/Users/glssa/Documents/GitHub/unityFile/My project
Using Asset Import Pipeline V2.
AS: AutoStreaming module initializing.Refreshing native plugins compatible for Editor in 27.08 ms, found 3 plugins.
Preloading 0 native plugins for Editor in 0.00 ms.
Initialize engine version: 2020.3.20f1c1 (256576dc9522)
[Subsystems] Discovering subsystems at path C:/Program Files/Unity/Hub/Editor/2020.3.20f1c1/Editor/Data/Resources/UnitySubsystems
[Subsystems] Discovering subsystems at path C:/Users/glssa/Documents/GitHub/unityFile/My project/Assets
GfxDevice: creating device client; threaded=0
Direct3D:
    Version:  Direct3D 11.0 [level 11.1]
    Renderer: NVIDIA GeForce RTX 3050 Ti Laptop GPU (ID=0x25e0)
    Vendor:   
    VRAM:     3990 MB
    Driver:   31.0.15.1700
Initialize mono
Mono path[0] = 'C:/Program Files/Unity/Hub/Editor/2020.3.20f1c1/Editor/Data/Managed'
Mono path[1] = 'C:/Program Files/Unity/Hub/Editor/2020.3.20f1c1/Editor/Data/MonoBleedingEdge/lib/mono/unityjit'
Mono config path = 'C:/Program Files/Unity/Hub/Editor/2020.3.20f1c1/Editor/Data/MonoBleedingEdge/etc'
Using monoOptions --debugger-agent=transport=dt_socket,embedding=1,server=y,suspend=n,address=127.0.0.1:56308
Begin MonoManager ReloadAssembly
Registering precompiled unity dll's ...
Register platform support module: C:/Program Files/Unity/Hub/Editor/2020.3.20f1c1/Editor/Data/PlaybackEngines/WindowsStandaloneSupport/UnityEditor.WindowsStandalone.Extensions.dll
Registered in 0.001967 seconds.
Native extension for WindowsStandalone target not found
Refreshing native plugins compatible for Editor in 25.76 ms, found 3 plugins.
Preloading 0 native plugins for Editor in 0.00 ms.
Mono: successfully reloaded assembly
- Completed reload, in  0.746 seconds
Domain Reload Profiling:
	ReloadAssembly (746ms)
		BeginReloadAssembly (41ms)
			ExecutionOrderSort (0ms)
			DisableScriptedObjects (0ms)
			BackupInstance (0ms)
			ReleaseScriptingObjects (0ms)
			CreateAndSetChildDomain (1ms)
		EndReloadAssembly (259ms)
			LoadAssemblies (39ms)
			RebuildTransferFunctionScriptingTraits (0ms)
			SetupTypeCache (87ms)
			ReleaseScriptCaches (0ms)
			RebuildScriptCaches (19ms)
			SetupLoadedEditorAssemblies (110ms)
				LogAssemblyErrors (0ms)
				InitializePlatformSupportModulesInManaged (3ms)
				SetLoadedEditorAssemblies (0ms)
				RefreshPlugins (26ms)
				BeforeProcessingInitializeOnLoad (8ms)
				ProcessInitializeOnLoadAttributes (52ms)
				ProcessInitializeOnLoadMethodAttributes (21ms)
				AfterProcessingInitializeOnLoad (0ms)
				EditorAssembliesLoaded (0ms)
			ExecutionOrderSort2 (0ms)
			AwakeInstancesAfterBackupRestoration (0ms)
Platform modules already initialized, skipping
Registering precompiled user dll's ...
Registered in 0.002694 seconds.
Begin MonoManager ReloadAssembly
Native extension for WindowsStandalone target not found
Refreshing native plugins compatible for Editor in 27.49 ms, found 3 plugins.
Preloading 0 native plugins for Editor in 0.00 ms.
Mono: successfully reloaded assembly
- Completed reload, in  0.692 seconds
Domain Reload Profiling:
	ReloadAssembly (693ms)
		BeginReloadAssembly (90ms)
			ExecutionOrderSort (0ms)
			DisableScriptedObjects (2ms)
			BackupInstance (0ms)
			ReleaseScriptingObjects (0ms)
			CreateAndSetChildDomain (13ms)
		EndReloadAssembly (562ms)
			LoadAssemblies (64ms)
			RebuildTransferFunctionScriptingTraits (0ms)
			SetupTypeCache (172ms)
			ReleaseScriptCaches (0ms)
			RebuildScriptCaches (26ms)
			SetupLoadedEditorAssemblies (227ms)
				LogAssemblyErrors (0ms)
				InitializePlatformSupportModulesInManaged (3ms)
				SetLoadedEditorAssemblies (0ms)
				RefreshPlugins (28ms)
				BeforeProcessingInitializeOnLoad (56ms)
				ProcessInitializeOnLoadAttributes (126ms)
				ProcessInitializeOnLoadMethodAttributes (9ms)
				AfterProcessingInitializeOnLoad (6ms)
				EditorAssembliesLoaded (0ms)
			ExecutionOrderSort2 (0ms)
			AwakeInstancesAfterBackupRestoration (4ms)
Platform modules already initialized, skipping
========================================================================
Worker process is ready to serve import requests
Launched and connected shader compiler UnityShaderCompiler.exe after 0.05 seconds
Refreshing native plugins compatible for Editor in 0.32 ms, found 3 plugins.
Preloading 0 native plugins for Editor in 0.00 ms.
Unloading 2097 Unused Serialized files (Serialized files now loaded: 0)
System memory in use before: 98.3 MB.
System memory in use after: 98.3 MB.

Unloading 26 unused Assets to reduce memory usage. Loaded Objects now: 2538.
Total: 2.437600 ms (FindLiveObjects: 0.155900 ms CreateObjectMapping: 0.045500 ms MarkObjects: 2.162300 ms  DeleteObjects: 0.072500 ms)

AssetImportParameters requested are different than current active one (requested -> active):
  custom:framework-win-MediaFoundation: 216162199b28c13a410421893ffa2e32 -> 
  custom:video-decoder-ogg-theora: a1e56fd34408186e4bbccfd4996cb3dc -> 
  custom:container-muxer-webm: aa71ff27fc2769a1b78a27578f13a17b -> 
  custom:container-demuxer-webm: 4f35f7cbe854078d1ac9338744f61a02 -> 
  custom:container-demuxer-ogg: 62fdf1f143b41e24485cea50d1cbac27 -> 
  custom:video-encoder-webm-vp8: eb34c28f22e8b96e1ab97ce403110664 -> 
  custom:video-codec-MediaFoundation-h265: 746d11721c4dcdbdad8f713fa42b33f4 -> 
  custom:video-decoder-webm-vp8: 9c59270c3fd7afecdb556c50c9e8de78 -> 
  custom:audio-decoder-ogg-vorbis: bf7c407c2cedff20999df2af8eb42d56 -> 
  custom:audio-encoder-webm-vorbis: bf7c407c2cedff20999df2af8eb42d56 -> 
========================================================================
Received Import Request.
  path: Assets/Scenes/EventMap.unity
  artifactKey: Guid(8db7495523efd4c47ad76a0b97c454dd) Importer(815301076,1909f56bfc062723c751e8b465ee728b)
Start importing Assets/Scenes/EventMap.unity using Guid(8db7495523efd4c47ad76a0b97c454dd) Importer(815301076,1909f56bfc062723c751e8b465ee728b)  -> (artifact id: 'cbdd3c06e7465396021c3e1d2d94d0a4') in 0.010525 seconds 
  Import took 0.013140 seconds .

========================================================================
Received Import Request.
  Time since last request: 0.000317 seconds.
  path: Assets/Scenes
  artifactKey: Guid(5774c1bce31ed3445a9ce3055ee5bd6f) Importer(815301076,1909f56bfc062723c751e8b465ee728b)
Start importing Assets/Scenes using Guid(5774c1bce31ed3445a9ce3055ee5bd6f) Importer(815301076,1909f56bfc062723c751e8b465ee728b)  -> (artifact id: '4337409f68f976f434784413a61e5a7f') in 0.001836 seconds 
  Import took 0.004240 seconds .

========================================================================
Received Import Request.
  Time since last request: 0.000347 seconds.
  path: Assets/Scenes/FightingMap.unity
  artifactKey: Guid(19c61dd14814c9246bfde09b3e6be4e9) Importer(815301076,1909f56bfc062723c751e8b465ee728b)
Start importing Assets/Scenes/FightingMap.unity using Guid(19c61dd14814c9246bfde09b3e6be4e9) Importer(815301076,1909f56bfc062723c751e8b465ee728b)  -> (artifact id: '0ea318edcf896e43edbbfa4389571200') in 0.002001 seconds 
  Import took 0.004662 seconds .

========================================================================
Received Import Request.
  Time since last request: 60.820718 seconds.
  path: Assets/Undead Survivor/Sprites/Enemy 0.png
  artifactKey: Guid(1bc6097228993f045852159e71f81d5b) Importer(815301076,1909f56bfc062723c751e8b465ee728b)
Start importing Assets/Undead Survivor/Sprites/Enemy 0.png using Guid(1bc6097228993f045852159e71f81d5b) Importer(815301076,1909f56bfc062723c751e8b465ee728b)  -> (artifact id: '9c9ce0a76da62992667a9fa1f9f4bb58') in 0.081184 seconds 
  Import took 0.084242 seconds .

========================================================================
Received Import Request.
  Time since last request: 0.000271 seconds.
  path: Assets/Undead Survivor/Sprites/Tile 0.asset
  artifactKey: Guid(fcc59dc3402beff4f87e48cdade5ef79) Importer(815301076,1909f56bfc062723c751e8b465ee728b)
Start importing Assets/Undead Survivor/Sprites/Tile 0.asset using Guid(fcc59dc3402beff4f87e48cdade5ef79) Importer(815301076,1909f56bfc062723c751e8b465ee728b)  -> (artifact id: '7f0719e340576df02430e31fe1bf59de') in 0.016994 seconds 
  Import took 0.019866 seconds .

========================================================================
Received Import Request.
  Time since last request: 0.000207 seconds.
  path: Assets/Undead Survivor/Sprites/Farmer 1.png
  artifactKey: Guid(0c187a32c5bde4747be8d00770b07403) Importer(815301076,1909f56bfc062723c751e8b465ee728b)
Start importing Assets/Undead Survivor/Sprites/Farmer 1.png using Guid(0c187a32c5bde4747be8d00770b07403) Importer(815301076,1909f56bfc062723c751e8b465ee728b)  -> (artifact id: '032afdfe139a2b6e3a08c462e59a484d') in 0.042956 seconds 
  Import took 0.045504 seconds .

========================================================================
Received Import Request.
  Time since last request: 0.000360 seconds.
  path: Assets/Undead Survivor/Sprites/Tile 1.asset
  artifactKey: Guid(c0a4d7351029b91439a7e282688c4057) Importer(815301076,1909f56bfc062723c751e8b465ee728b)
Start importing Assets/Undead Survivor/Sprites/Tile 1.asset using Guid(c0a4d7351029b91439a7e282688c4057) Importer(815301076,1909f56bfc062723c751e8b465ee728b)  -> (artifact id: '6a3789bcb7aa7e5cdc2b5b96866adec9') in 0.006374 seconds 
  Import took 0.009031 seconds .

========================================================================
Received Import Request.
  Time since last request: 0.000351 seconds.
  path: Assets/Undead Survivor/Sprites/Farmer 3.png
  artifactKey: Guid(57a1443e67528144aa07582927559650) Importer(815301076,1909f56bfc062723c751e8b465ee728b)
Start importing Assets/Undead Survivor/Sprites/Farmer 3.png using Guid(57a1443e67528144aa07582927559650) Importer(815301076,1909f56bfc062723c751e8b465ee728b)  -> (artifact id: 'ae0890ec40a9b0b82d4d9c3ee9c00f39') in 0.042589 seconds 
  Import took 0.045775 seconds .

========================================================================
Received Import Request.
  Time since last request: 0.000159 seconds.
  path: Assets/Undead Survivor/Sprites/Enemy 3.png
  artifactKey: Guid(d33598d781682e049a53a0a13104ef29) Importer(815301076,1909f56bfc062723c751e8b465ee728b)
Start importing Assets/Undead Survivor/Sprites/Enemy 3.png using Guid(d33598d781682e049a53a0a13104ef29) Importer(815301076,1909f56bfc062723c751e8b465ee728b)  -> (artifact id: '64e750e6568c996a9bc12c77b1d927c3') in 0.028930 seconds 
  Import took 0.031403 seconds .

========================================================================
Received Import Request.
  Time since last request: 0.000230 seconds.
  path: Assets/Undead Survivor/Sprites/Enemy 1.png
  artifactKey: Guid(3bcb7877229a5334da528f2f0872b5c3) Importer(815301076,1909f56bfc062723c751e8b465ee728b)
Start importing Assets/Undead Survivor/Sprites/Enemy 1.png using Guid(3bcb7877229a5334da528f2f0872b5c3) Importer(815301076,1909f56bfc062723c751e8b465ee728b)  -> (artifact id: '041b9626c12ab0d1deb8000b2f099688') in 0.030996 seconds 
  Import took 0.033913 seconds .

========================================================================
Received Import Request.
  Time since last request: 0.000208 seconds.
  path: Assets/Undead Survivor/Sprites/Tile 4.asset
  artifactKey: Guid(3703c7151549d054787fb2e073627082) Importer(815301076,1909f56bfc062723c751e8b465ee728b)
Start importing Assets/Undead Survivor/Sprites/Tile 4.asset using Guid(3703c7151549d054787fb2e073627082) Importer(815301076,1909f56bfc062723c751e8b465ee728b)  -> (artifact id: 'a26ed94a9f127b70d547c0f061dab5b9') in 0.007950 seconds 
  Import took 0.010506 seconds .

========================================================================
Received Import Request.
  Time since last request: 0.000273 seconds.
  path: Assets/Undead Survivor/Sprites/UI.png
  artifactKey: Guid(d71a3dc7aa20fad4f9a99fc76a9254ba) Importer(815301076,1909f56bfc062723c751e8b465ee728b)
Start importing Assets/Undead Survivor/Sprites/UI.png using Guid(d71a3dc7aa20fad4f9a99fc76a9254ba) Importer(815301076,1909f56bfc062723c751e8b465ee728b)  -> (artifact id: 'fb2a3a2e6a9afab40a4a2af545f29305') in 0.049214 seconds 
  Import took 0.051797 seconds .

========================================================================
Received Import Request.
  Time since last request: 0.000272 seconds.
  path: Assets/Undead Survivor/Sprites/Farmer 0.png
  artifactKey: Guid(99a24620d31e5ce4e823c32d11e17c2c) Importer(815301076,1909f56bfc062723c751e8b465ee728b)
Start importing Assets/Undead Survivor/Sprites/Farmer 0.png using Guid(99a24620d31e5ce4e823c32d11e17c2c) Importer(815301076,1909f56bfc062723c751e8b465ee728b)  -> (artifact id: 'c035dd01853fa9d938a269180546df39') in 0.006812 seconds 
  Import took 0.009313 seconds .

========================================================================
Received Import Request.
  Time since last request: 0.000208 seconds.
  path: Assets/Undead Survivor/Sprites/Tile 3.asset
  artifactKey: Guid(dcfea22f3a4a3f546b0f735b1bace432) Importer(815301076,1909f56bfc062723c751e8b465ee728b)
Start importing Assets/Undead Survivor/Sprites/Tile 3.asset using Guid(dcfea22f3a4a3f546b0f735b1bace432) Importer(815301076,1909f56bfc062723c751e8b465ee728b)  -> (artifact id: 'e14571cf792057391daf6f9967f38b41') in 0.005214 seconds 
  Import took 0.007712 seconds .

========================================================================
Received Import Request.
  Time since last request: 0.000234 seconds.
  path: Assets/Undead Survivor/Sprites/Tile 5.asset
  artifactKey: Guid(68fe77f517b23574da4dc6a9128d9f6e) Importer(815301076,1909f56bfc062723c751e8b465ee728b)
Start importing Assets/Undead Survivor/Sprites/Tile 5.asset using Guid(68fe77f517b23574da4dc6a9128d9f6e) Importer(815301076,1909f56bfc062723c751e8b465ee728b)  -> (artifact id: '9da0b9761565cca737f68f5af34242b2') in 0.005605 seconds 
  Import took 0.008740 seconds .

========================================================================
Received Import Request.
  Time since last request: 0.000211 seconds.
  path: Assets/Undead Survivor/Sprites/Tiles.png
  artifactKey: Guid(9ee30eb7d2f1f404790266ee96a67099) Importer(815301076,1909f56bfc062723c751e8b465ee728b)
Start importing Assets/Undead Survivor/Sprites/Tiles.png using Guid(9ee30eb7d2f1f404790266ee96a67099) Importer(815301076,1909f56bfc062723c751e8b465ee728b)  -> (artifact id: '468e6e3bef6c2808f1058782564e6cab') in 0.013245 seconds 
  Import took 0.015955 seconds .

========================================================================
Received Import Request.
  Time since last request: 0.000218 seconds.
  path: Assets/Undead Survivor/Sprites/Enemy 4.png
  artifactKey: Guid(c4d2ccab0c2ad7e47853b6e31a7ac7c2) Importer(815301076,1909f56bfc062723c751e8b465ee728b)
Start importing Assets/Undead Survivor/Sprites/Enemy 4.png using Guid(c4d2ccab0c2ad7e47853b6e31a7ac7c2) Importer(815301076,1909f56bfc062723c751e8b465ee728b)  -> (artifact id: '09a3fa1871dfb7678206ff76c75c5d14') in 0.010851 seconds 
  Import took 0.013930 seconds .

========================================================================
Received Import Request.
  Time since last request: 0.000283 seconds.
  path: Assets/Undead Survivor/Sprites/Enemy 2.png
  artifactKey: Guid(4104ee12b4d54f54b91b3ba875787837) Importer(815301076,1909f56bfc062723c751e8b465ee728b)
Start importing Assets/Undead Survivor/Sprites/Enemy 2.png using Guid(4104ee12b4d54f54b91b3ba875787837) Importer(815301076,1909f56bfc062723c751e8b465ee728b)  -> (artifact id: 'daf01f371bf3a213b7d92588b74ee7b5') in 0.016213 seconds 
  Import took 0.018726 seconds .

========================================================================
Received Import Request.
  Time since last request: 0.000185 seconds.
  path: Assets/Undead Survivor/Sprites/Farmer 2.png
  artifactKey: Guid(8f7a60065e3984c489b9c4d41bc3dc4e) Importer(815301076,1909f56bfc062723c751e8b465ee728b)
Start importing Assets/Undead Survivor/Sprites/Farmer 2.png using Guid(8f7a60065e3984c489b9c4d41bc3dc4e) Importer(815301076,1909f56bfc062723c751e8b465ee728b)  -> (artifact id: '36d889fc7d5b74beae8aa910a6ee10fd') in 0.021354 seconds 
  Import took 0.023920 seconds .

========================================================================
Received Import Request.
  Time since last request: 0.000205 seconds.
  path: Assets/Undead Survivor/Sprites/Tile 2.asset
  artifactKey: Guid(d125e3fa22131c245a7287e2109cf827) Importer(815301076,1909f56bfc062723c751e8b465ee728b)
Start importing Assets/Undead Survivor/Sprites/Tile 2.asset using Guid(d125e3fa22131c245a7287e2109cf827) Importer(815301076,1909f56bfc062723c751e8b465ee728b)  -> (artifact id: 'f30d9bc7935ad46fc7a32b717a3115c2') in 0.005095 seconds 
  Import took 0.007680 seconds .

========================================================================
Received Import Request.
  Time since last request: 0.000290 seconds.
  path: Assets/Undead Survivor/Sprites/Props.png
  artifactKey: Guid(0d5e657ee5a074e4baa53d5b248a01d2) Importer(815301076,1909f56bfc062723c751e8b465ee728b)
Start importing Assets/Undead Survivor/Sprites/Props.png using Guid(0d5e657ee5a074e4baa53d5b248a01d2) Importer(815301076,1909f56bfc062723c751e8b465ee728b)  -> (artifact id: '7c15f5efe152bd965d0e8fec15814454') in 0.040414 seconds 
  Import took 0.043569 seconds .

========================================================================
Received Prepare
Registering precompiled user dll's ...
Registered in 0.005772 seconds.
Begin MonoManager ReloadAssembly
Native extension for WindowsStandalone target not found
Refreshing native plugins compatible for Editor in 0.38 ms, found 3 plugins.
Preloading 0 native plugins for Editor in 0.00 ms.
Mono: successfully reloaded assembly
- Completed reload, in  0.701 seconds
Domain Reload Profiling:
	ReloadAssembly (702ms)
		BeginReloadAssembly (97ms)
			ExecutionOrderSort (0ms)
			DisableScriptedObjects (5ms)
			BackupInstance (0ms)
			ReleaseScriptingObjects (0ms)
			CreateAndSetChildDomain (27ms)
		EndReloadAssembly (555ms)
			LoadAssemblies (77ms)
			RebuildTransferFunctionScriptingTraits (0ms)
			SetupTypeCache (193ms)
			ReleaseScriptCaches (1ms)
			RebuildScriptCaches (27ms)
			SetupLoadedEditorAssemblies (197ms)
				LogAssemblyErrors (0ms)
				InitializePlatformSupportModulesInManaged (4ms)
				SetLoadedEditorAssemblies (0ms)
				RefreshPlugins (0ms)
				BeforeProcessingInitializeOnLoad (64ms)
				ProcessInitializeOnLoadAttributes (117ms)
				ProcessInitializeOnLoadMethodAttributes (5ms)
				AfterProcessingInitializeOnLoad (7ms)
				EditorAssembliesLoaded (0ms)
			ExecutionOrderSort2 (0ms)
			AwakeInstancesAfterBackupRestoration (6ms)
Platform modules already initialized, skipping
Refreshing native plugins compatible for Editor in 0.31 ms, found 3 plugins.
Preloading 0 native plugins for Editor in 0.00 ms.
Unloading 2087 Unused Serialized files (Serialized files now loaded: 0)
System memory in use before: 100.8 MB.
System memory in use after: 100.9 MB.

Unloading 14 unused Assets to reduce memory usage. Loaded Objects now: 2589.
Total: 2.352800 ms (FindLiveObjects: 0.346300 ms CreateObjectMapping: 0.041300 ms MarkObjects: 1.949100 ms  DeleteObjects: 0.015400 ms)

AssetImportParameters requested are different than current active one (requested -> active):
  custom:framework-win-MediaFoundation: 216162199b28c13a410421893ffa2e32 -> 
  custom:video-decoder-ogg-theora: a1e56fd34408186e4bbccfd4996cb3dc -> 
  custom:container-muxer-webm: aa71ff27fc2769a1b78a27578f13a17b -> 
  custom:container-demuxer-webm: 4f35f7cbe854078d1ac9338744f61a02 -> 
  custom:container-demuxer-ogg: 62fdf1f143b41e24485cea50d1cbac27 -> 
  custom:video-encoder-webm-vp8: eb34c28f22e8b96e1ab97ce403110664 -> 
  custom:video-codec-MediaFoundation-h265: 746d11721c4dcdbdad8f713fa42b33f4 -> 
  custom:video-decoder-webm-vp8: 9c59270c3fd7afecdb556c50c9e8de78 -> 
  custom:audio-decoder-ogg-vorbis: bf7c407c2cedff20999df2af8eb42d56 -> 
  custom:audio-encoder-webm-vorbis: bf7c407c2cedff20999df2af8eb42d56 -> 
========================================================================
Received Import Request.
  Time since last request: 41.962662 seconds.
  path: Assets/Undead Survivor/Icon.png
  artifactKey: Guid(8cf32bb594965f3449d71aab39ee30ad) Importer(815301076,1909f56bfc062723c751e8b465ee728b)
Start importing Assets/Undead Survivor/Icon.png using Guid(8cf32bb594965f3449d71aab39ee30ad) Importer(815301076,1909f56bfc062723c751e8b465ee728b)  -> (artifact id: '228f45ce086bc0d51d977b067ac64ff5') in 0.035982 seconds 
  Import took 0.038778 seconds .

========================================================================
Received Import Request.
  Time since last request: 0.000362 seconds.
  path: Assets/Undead Survivor/Tile 1.asset
  artifactKey: Guid(c7a68e129f588c74db8594881dc2b30b) Importer(815301076,1909f56bfc062723c751e8b465ee728b)
Start importing Assets/Undead Survivor/Tile 1.asset using Guid(c7a68e129f588c74db8594881dc2b30b) Importer(815301076,1909f56bfc062723c751e8b465ee728b)  -> (artifact id: 'c8b674384ba26d9d36adb47d65199c1a') in 0.012946 seconds 
  Import took 0.015621 seconds .

========================================================================
Received Import Request.
  Time since last request: 0.000347 seconds.
  path: Assets/Undead Survivor/Tile 4.asset
  artifactKey: Guid(0f4b324cbe42c924e8a1861feb80c3dc) Importer(815301076,1909f56bfc062723c751e8b465ee728b)
Start importing Assets/Undead Survivor/Tile 4.asset using Guid(0f4b324cbe42c924e8a1861feb80c3dc) Importer(815301076,1909f56bfc062723c751e8b465ee728b)  -> (artifact id: '98c806d3db167b014eea8052a8c5e8f5') in 0.006578 seconds 
  Import took 0.009106 seconds .

========================================================================
Received Import Request.
  Time since last request: 0.000400 seconds.
  path: Assets/Undead Survivor/Tile 3.asset
  artifactKey: Guid(cc44ebbf077b4e345b62b512250a62be) Importer(815301076,1909f56bfc062723c751e8b465ee728b)
Start importing Assets/Undead Survivor/Tile 3.asset using Guid(cc44ebbf077b4e345b62b512250a62be) Importer(815301076,1909f56bfc062723c751e8b465ee728b)  -> (artifact id: '41b38cb5a970d6b9b32f6b90b8ac97e0') in 0.006426 seconds 
  Import took 0.009520 seconds .

========================================================================
Received Import Request.
  Time since last request: 0.000280 seconds.
  path: Assets/Undead Survivor/Tile 5.asset
  artifactKey: Guid(2c3665a0c42327b458e5f09f643bdb53) Importer(815301076,1909f56bfc062723c751e8b465ee728b)
Start importing Assets/Undead Survivor/Tile 5.asset using Guid(2c3665a0c42327b458e5f09f643bdb53) Importer(815301076,1909f56bfc062723c751e8b465ee728b)  -> (artifact id: 'd675fe809e8fa50edd04113d6b866e26') in 0.007202 seconds 
  Import took 0.009793 seconds .

========================================================================
Received Import Request.
  Time since last request: 0.000245 seconds.
  path: Assets/Undead Survivor/Tile 0.asset
  artifactKey: Guid(f55f6e02195e5124285fafeb661f34d9) Importer(815301076,1909f56bfc062723c751e8b465ee728b)
Start importing Assets/Undead Survivor/Tile 0.asset using Guid(f55f6e02195e5124285fafeb661f34d9) Importer(815301076,1909f56bfc062723c751e8b465ee728b)  -> (artifact id: '02ba3b49823df650e64c52366825eb65') in 0.008033 seconds 
  Import took 0.010415 seconds .

========================================================================
Received Import Request.
  Time since last request: 0.000401 seconds.
  path: Assets/Undead Survivor/Tile 2.asset
  artifactKey: Guid(29cd5a68d88b4dd47b3738ab91c0fc89) Importer(815301076,1909f56bfc062723c751e8b465ee728b)
Start importing Assets/Undead Survivor/Tile 2.asset using Guid(29cd5a68d88b4dd47b3738ab91c0fc89) Importer(815301076,1909f56bfc062723c751e8b465ee728b)  -> (artifact id: '647d000489e3ce8efac7948a8719cd54') in 0.006021 seconds 
  Import took 0.008696 seconds .

========================================================================
Received Import Request.
  Time since last request: 4.108749 seconds.
  path: Assets/Script/LockButton.cs
  artifactKey: Guid(5518fec937bedd34ca2e9a3e20d54b83) Importer(815301076,1909f56bfc062723c751e8b465ee728b)
Start importing Assets/Script/LockButton.cs using Guid(5518fec937bedd34ca2e9a3e20d54b83) Importer(815301076,1909f56bfc062723c751e8b465ee728b)  -> (artifact id: 'a5b4535c097460510ef61c2b8ef9d8df') in 0.005057 seconds 
  Import took 0.007555 seconds .

========================================================================
Received Import Request.
  Time since last request: 3.588409 seconds.
  path: Assets/Prefab/backtomap.prefab
  artifactKey: Guid(35afb444a20cc6d4d967bb5f3d35db45) Importer(815301076,1909f56bfc062723c751e8b465ee728b)
Start importing Assets/Prefab/backtomap.prefab using Guid(35afb444a20cc6d4d967bb5f3d35db45) Importer(815301076,1909f56bfc062723c751e8b465ee728b)  -> (artifact id: '97d7b83dfadd6ead3e127e4a9157b243') in 0.017716 seconds 
  Import took 0.020842 seconds .

========================================================================
Received Import Request.
  Time since last request: 0.000317 seconds.
  path: Assets/Prefab/EventSceneButton.prefab
  artifactKey: Guid(54f2e8f6496214d42aa77bee6c68d19a) Importer(815301076,1909f56bfc062723c751e8b465ee728b)
Start importing Assets/Prefab/EventSceneButton.prefab using Guid(54f2e8f6496214d42aa77bee6c68d19a) Importer(815301076,1909f56bfc062723c751e8b465ee728b)  -> (artifact id: '69c4aa6d7748a0b91c83c4b6585c23ca') in 0.010771 seconds 
  Import took 0.013274 seconds .

========================================================================
Received Import Request.
  Time since last request: 0.000433 seconds.
  path: Assets/Prefab/Panel (70).prefab
  artifactKey: Guid(368586e714d1294459c768fff24e6140) Importer(815301076,1909f56bfc062723c751e8b465ee728b)
Start importing Assets/Prefab/Panel (70).prefab using Guid(368586e714d1294459c768fff24e6140) Importer(815301076,1909f56bfc062723c751e8b465ee728b)  -> (artifact id: '96df3da9cbc513b86461382fde230826') in 0.019184 seconds 
  Import took 0.021821 seconds .

AssetImportWorkerClient::OnTransportError - code=2 error=End of file
